{"/home/kent/Documents/code/ucsd/cs110/cse110-sp21-group23/source/frontend/src/js/api/axios.js": {"path":"/home/kent/Documents/code/ucsd/cs110/cse110-sp21-group23/source/frontend/src/js/api/axios.js","statementMap":{"0":{"start":{"line":5,"column":12},"end":{"line":7,"column":2}}},"fnMap":{},"branchMap":{},"s":{"0":1},"f":{},"b":{},"_coverageSchema":"1a1c01bbd47fc00a2c39e90264f33305004495a9","hash":"3d9b3d64738c1993b9565a4033bb17900a491edb"}
,"/home/kent/Documents/code/ucsd/cs110/cse110-sp21-group23/source/frontend/src/js/api/journal.js": {"path":"/home/kent/Documents/code/ucsd/cs110/cse110-sp21-group23/source/frontend/src/js/api/journal.js","statementMap":{"0":{"start":{"line":10,"column":27},"end":{"line":17,"column":1}},"1":{"start":{"line":11,"column":4},"end":{"line":16,"column":5}},"2":{"start":{"line":12,"column":8},"end":{"line":12,"column":56}},"3":{"start":{"line":14,"column":8},"end":{"line":14,"column":24}},"4":{"start":{"line":15,"column":8},"end":{"line":15,"column":17}},"5":{"start":{"line":27,"column":31},"end":{"line":34,"column":1}},"6":{"start":{"line":28,"column":4},"end":{"line":33,"column":5}},"7":{"start":{"line":29,"column":8},"end":{"line":29,"column":104}},"8":{"start":{"line":31,"column":8},"end":{"line":31,"column":24}},"9":{"start":{"line":32,"column":8},"end":{"line":32,"column":17}},"10":{"start":{"line":52,"column":25},"end":{"line":66,"column":1}},"11":{"start":{"line":53,"column":4},"end":{"line":53,"column":24}},"12":{"start":{"line":54,"column":4},"end":{"line":54,"column":25}},"13":{"start":{"line":56,"column":4},"end":{"line":65,"column":5}},"14":{"start":{"line":57,"column":8},"end":{"line":61,"column":15}},"15":{"start":{"line":63,"column":8},"end":{"line":63,"column":24}},"16":{"start":{"line":64,"column":8},"end":{"line":64,"column":17}},"17":{"start":{"line":73,"column":28},"end":{"line":82,"column":1}},"18":{"start":{"line":74,"column":4},"end":{"line":81,"column":5}},"19":{"start":{"line":75,"column":8},"end":{"line":78,"column":9}},"20":{"start":{"line":80,"column":8},"end":{"line":80,"column":17}},"21":{"start":{"line":89,"column":26},"end":{"line":99,"column":1}},"22":{"start":{"line":90,"column":4},"end":{"line":98,"column":5}},"23":{"start":{"line":91,"column":8},"end":{"line":95,"column":9}},"24":{"start":{"line":97,"column":8},"end":{"line":97,"column":17}},"25":{"start":{"line":108,"column":29},"end":{"line":125,"column":1}},"26":{"start":{"line":109,"column":4},"end":{"line":123,"column":5}},"27":{"start":{"line":110,"column":8},"end":{"line":110,"column":40}},"28":{"start":{"line":111,"column":8},"end":{"line":119,"column":14}},"29":{"start":{"line":121,"column":8},"end":{"line":121,"column":24}},"30":{"start":{"line":122,"column":8},"end":{"line":122,"column":17}}},"fnMap":{"0":{"name":"(anonymous_0)","decl":{"start":{"line":10,"column":27},"end":{"line":10,"column":28}},"loc":{"start":{"line":10,"column":45},"end":{"line":17,"column":1}},"line":10},"1":{"name":"(anonymous_1)","decl":{"start":{"line":27,"column":31},"end":{"line":27,"column":32}},"loc":{"start":{"line":27,"column":67},"end":{"line":34,"column":1}},"line":27},"2":{"name":"(anonymous_2)","decl":{"start":{"line":52,"column":25},"end":{"line":52,"column":26}},"loc":{"start":{"line":52,"column":51},"end":{"line":66,"column":1}},"line":52},"3":{"name":"(anonymous_3)","decl":{"start":{"line":73,"column":28},"end":{"line":73,"column":29}},"loc":{"start":{"line":73,"column":50},"end":{"line":82,"column":1}},"line":73},"4":{"name":"(anonymous_4)","decl":{"start":{"line":89,"column":26},"end":{"line":89,"column":27}},"loc":{"start":{"line":89,"column":52},"end":{"line":99,"column":1}},"line":89},"5":{"name":"(anonymous_5)","decl":{"start":{"line":108,"column":29},"end":{"line":108,"column":30}},"loc":{"start":{"line":108,"column":71},"end":{"line":125,"column":1}},"line":108}},"branchMap":{},"s":{"0":1,"1":0,"2":0,"3":0,"4":0,"5":1,"6":0,"7":0,"8":0,"9":0,"10":1,"11":0,"12":0,"13":0,"14":0,"15":0,"16":0,"17":1,"18":0,"19":0,"20":0,"21":1,"22":0,"23":0,"24":0,"25":1,"26":0,"27":0,"28":0,"29":0,"30":0},"f":{"0":0,"1":0,"2":0,"3":0,"4":0,"5":0},"b":{},"_coverageSchema":"1a1c01bbd47fc00a2c39e90264f33305004495a9","hash":"396c109895d42362224c40eebcd2a90be7e24af2"}
,"/home/kent/Documents/code/ucsd/cs110/cse110-sp21-group23/source/frontend/src/js/api/user.js": {"path":"/home/kent/Documents/code/ucsd/cs110/cse110-sp21-group23/source/frontend/src/js/api/user.js","statementMap":{"0":{"start":{"line":3,"column":19},"end":{"line":3,"column":51}},"1":{"start":{"line":4,"column":17},"end":{"line":4,"column":37}},"2":{"start":{"line":11,"column":24},"end":{"line":24,"column":1}},"3":{"start":{"line":12,"column":4},"end":{"line":23,"column":5}},"4":{"start":{"line":13,"column":20},"end":{"line":19,"column":9}},"5":{"start":{"line":20,"column":8},"end":{"line":20,"column":24}},"6":{"start":{"line":22,"column":8},"end":{"line":22,"column":31}},"7":{"start":{"line":32,"column":21},"end":{"line":45,"column":1}},"8":{"start":{"line":33,"column":4},"end":{"line":44,"column":5}},"9":{"start":{"line":34,"column":20},"end":{"line":40,"column":9}},"10":{"start":{"line":41,"column":8},"end":{"line":41,"column":29}},"11":{"start":{"line":43,"column":8},"end":{"line":43,"column":31}}},"fnMap":{"0":{"name":"(anonymous_0)","decl":{"start":{"line":11,"column":24},"end":{"line":11,"column":25}},"loc":{"start":{"line":11,"column":51},"end":{"line":24,"column":1}},"line":11},"1":{"name":"(anonymous_1)","decl":{"start":{"line":32,"column":21},"end":{"line":32,"column":22}},"loc":{"start":{"line":32,"column":48},"end":{"line":45,"column":1}},"line":32}},"branchMap":{},"s":{"0":1,"1":1,"2":1,"3":1,"4":1,"5":0,"6":1,"7":1,"8":3,"9":3,"10":1,"11":2},"f":{"0":1,"1":3},"b":{},"_coverageSchema":"1a1c01bbd47fc00a2c39e90264f33305004495a9","hash":"47f8aed83454a2f8de6dfb824bfee5af577bd3bf"}
,"/home/kent/Documents/code/ucsd/cs110/cse110-sp21-group23/source/frontend/src/js/utils/localStorage.js": {"path":"/home/kent/Documents/code/ucsd/cs110/cse110-sp21-group23/source/frontend/src/js/utils/localStorage.js","statementMap":{"0":{"start":{"line":1,"column":24},"end":{"line":3,"column":1}},"1":{"start":{"line":2,"column":4},"end":{"line":2,"column":47}},"2":{"start":{"line":5,"column":24},"end":{"line":8,"column":1}},"3":{"start":{"line":6,"column":4},"end":{"line":6,"column":48}},"4":{"start":{"line":7,"column":4},"end":{"line":7,"column":23}},"5":{"start":{"line":10,"column":26},"end":{"line":12,"column":1}},"6":{"start":{"line":11,"column":4},"end":{"line":11,"column":46}},"7":{"start":{"line":14,"column":23},"end":{"line":16,"column":1}},"8":{"start":{"line":15,"column":4},"end":{"line":15,"column":46}},"9":{"start":{"line":18,"column":24},"end":{"line":18,"column":66}},"10":{"start":{"line":18,"column":30},"end":{"line":18,"column":66}},"11":{"start":{"line":19,"column":24},"end":{"line":19,"column":66}},"12":{"start":{"line":19,"column":30},"end":{"line":19,"column":66}},"13":{"start":{"line":20,"column":26},"end":{"line":20,"column":70}},"14":{"start":{"line":20,"column":32},"end":{"line":20,"column":70}},"15":{"start":{"line":21,"column":23},"end":{"line":21,"column":64}},"16":{"start":{"line":21,"column":29},"end":{"line":21,"column":64}}},"fnMap":{"0":{"name":"(anonymous_0)","decl":{"start":{"line":1,"column":24},"end":{"line":1,"column":25}},"loc":{"start":{"line":1,"column":33},"end":{"line":3,"column":1}},"line":1},"1":{"name":"(anonymous_1)","decl":{"start":{"line":5,"column":24},"end":{"line":5,"column":25}},"loc":{"start":{"line":5,"column":33},"end":{"line":8,"column":1}},"line":5},"2":{"name":"(anonymous_2)","decl":{"start":{"line":10,"column":26},"end":{"line":10,"column":27}},"loc":{"start":{"line":10,"column":32},"end":{"line":12,"column":1}},"line":10},"3":{"name":"(anonymous_3)","decl":{"start":{"line":14,"column":23},"end":{"line":14,"column":24}},"loc":{"start":{"line":14,"column":31},"end":{"line":16,"column":1}},"line":14},"4":{"name":"(anonymous_4)","decl":{"start":{"line":18,"column":24},"end":{"line":18,"column":25}},"loc":{"start":{"line":18,"column":30},"end":{"line":18,"column":66}},"line":18},"5":{"name":"(anonymous_5)","decl":{"start":{"line":19,"column":24},"end":{"line":19,"column":25}},"loc":{"start":{"line":19,"column":30},"end":{"line":19,"column":66}},"line":19},"6":{"name":"(anonymous_6)","decl":{"start":{"line":20,"column":26},"end":{"line":20,"column":27}},"loc":{"start":{"line":20,"column":32},"end":{"line":20,"column":70}},"line":20},"7":{"name":"(anonymous_7)","decl":{"start":{"line":21,"column":23},"end":{"line":21,"column":24}},"loc":{"start":{"line":21,"column":29},"end":{"line":21,"column":64}},"line":21}},"branchMap":{},"s":{"0":1,"1":0,"2":1,"3":0,"4":0,"5":1,"6":0,"7":1,"8":0,"9":1,"10":0,"11":1,"12":0,"13":1,"14":0,"15":1,"16":0},"f":{"0":0,"1":0,"2":0,"3":0,"4":0,"5":0,"6":0,"7":0},"b":{},"_coverageSchema":"1a1c01bbd47fc00a2c39e90264f33305004495a9","hash":"e88c225482c211780a051f685d5c8859cd21aeb1"}
}
