TN:
SF:src/js/api/axios.js
FNF:0
FNH:0
DA:5,1
LF:1
LH:1
BRF:0
BRH:0
end_of_record
TN:
SF:src/js/api/journal.js
FN:10,(anonymous_0)
FN:27,(anonymous_1)
FN:52,(anonymous_2)
FN:73,(anonymous_3)
FN:89,(anonymous_4)
FN:108,(anonymous_5)
FNF:6
FNH:0
FNDA:0,(anonymous_0)
FNDA:0,(anonymous_1)
FNDA:0,(anonymous_2)
FNDA:0,(anonymous_3)
FNDA:0,(anonymous_4)
FNDA:0,(anonymous_5)
DA:10,1
DA:11,0
DA:12,0
DA:14,0
DA:15,0
DA:27,1
DA:28,0
DA:29,0
DA:31,0
DA:32,0
DA:52,1
DA:53,0
DA:54,0
DA:56,0
DA:57,0
DA:63,0
DA:64,0
DA:73,1
DA:74,0
DA:75,0
DA:80,0
DA:89,1
DA:90,0
DA:91,0
DA:97,0
DA:108,1
DA:109,0
DA:110,0
DA:111,0
DA:121,0
DA:122,0
LF:31
LH:6
BRF:0
BRH:0
end_of_record
TN:
SF:src/js/api/user.js
FN:11,(anonymous_0)
FN:32,(anonymous_1)
FNF:2
FNH:2
FNDA:1,(anonymous_0)
FNDA:3,(anonymous_1)
DA:3,1
DA:4,1
DA:11,1
DA:12,1
DA:13,1
DA:20,0
DA:22,1
DA:32,1
DA:33,3
DA:34,3
DA:41,1
DA:43,2
LF:12
LH:11
BRF:0
BRH:0
end_of_record
TN:
SF:src/js/utils/localStorage.js
FN:1,(anonymous_0)
FN:5,(anonymous_1)
FN:10,(anonymous_2)
FN:14,(anonymous_3)
FN:18,(anonymous_4)
FN:19,(anonymous_5)
FN:20,(anonymous_6)
FN:21,(anonymous_7)
FNF:8
FNH:0
FNDA:0,(anonymous_0)
FNDA:0,(anonymous_1)
FNDA:0,(anonymous_2)
FNDA:0,(anonymous_3)
FNDA:0,(anonymous_4)
FNDA:0,(anonymous_5)
FNDA:0,(anonymous_6)
FNDA:0,(anonymous_7)
DA:1,1
DA:2,0
DA:5,1
DA:6,0
DA:7,0
DA:10,1
DA:11,0
DA:14,1
DA:15,0
DA:18,1
DA:19,1
DA:20,1
DA:21,1
LF:13
LH:8
BRF:0
BRH:0
end_of_record
