TN:
SF:src/js/api/axios.js
FNF:0
FNH:0
DA:5,1
LF:1
LH:1
BRF:0
BRH:0
end_of_record
TN:
SF:src/js/api/journal.js
FN:5,(anonymous_0)
FN:14,(anonymous_1)
FN:34,(anonymous_2)
FN:48,(anonymous_3)
FN:59,(anonymous_4)
FN:71,(anonymous_5)
FN:88,(anonymous_6)
FN:98,(anonymous_7)
FNF:8
FNH:0
FNDA:0,(anonymous_0)
FNDA:0,(anonymous_1)
FNDA:0,(anonymous_2)
FNDA:0,(anonymous_3)
FNDA:0,(anonymous_4)
FNDA:0,(anonymous_5)
FNDA:0,(anonymous_6)
FNDA:0,(anonymous_7)
DA:5,1
DA:6,0
DA:7,0
DA:9,0
DA:10,0
DA:14,1
DA:15,0
DA:16,0
DA:18,0
DA:19,0
DA:34,1
DA:35,0
DA:36,0
DA:37,0
DA:43,0
DA:44,0
DA:48,1
DA:49,0
DA:50,0
DA:55,0
DA:59,1
DA:60,0
DA:61,0
DA:67,0
DA:71,1
DA:72,0
DA:73,0
DA:83,0
DA:88,1
DA:89,0
DA:90,0
DA:98,1
DA:99,0
DA:100,0
DA:102,0
LF:35
LH:8
BRDA:99,0,0,0
BRDA:99,0,1,0
BRF:2
BRH:0
end_of_record
TN:
SF:src/js/api/user.js
FN:6,(anonymous_0)
FN:21,(anonymous_1)
FNF:2
FNH:2
FNDA:1,(anonymous_0)
FNDA:3,(anonymous_1)
DA:3,1
DA:4,1
DA:6,1
DA:7,1
DA:8,1
DA:15,0
DA:17,1
DA:21,1
DA:22,3
DA:23,3
DA:30,1
DA:32,2
LF:12
LH:11
BRF:0
BRH:0
end_of_record
TN:
SF:src/js/utils/localStorage.js
FN:1,(anonymous_0)
FN:5,(anonymous_1)
FN:10,(anonymous_2)
FN:14,(anonymous_3)
FN:18,(anonymous_4)
FN:19,(anonymous_5)
FN:20,(anonymous_6)
FN:21,(anonymous_7)
FNF:8
FNH:0
FNDA:0,(anonymous_0)
FNDA:0,(anonymous_1)
FNDA:0,(anonymous_2)
FNDA:0,(anonymous_3)
FNDA:0,(anonymous_4)
FNDA:0,(anonymous_5)
FNDA:0,(anonymous_6)
FNDA:0,(anonymous_7)
DA:1,1
DA:2,0
DA:5,1
DA:6,0
DA:7,0
DA:10,1
DA:11,0
DA:14,1
DA:15,0
DA:18,1
DA:19,1
DA:20,1
DA:21,1
LF:13
LH:8
BRF:0
BRH:0
end_of_record
